running egg_info
creating ../../build/swarm_pkg/swarm_pkg.egg-info
writing ../../build/swarm_pkg/swarm_pkg.egg-info/PKG-INFO
writing dependency_links to ../../build/swarm_pkg/swarm_pkg.egg-info/dependency_links.txt
writing entry points to ../../build/swarm_pkg/swarm_pkg.egg-info/entry_points.txt
writing requirements to ../../build/swarm_pkg/swarm_pkg.egg-info/requires.txt
writing top-level names to ../../build/swarm_pkg/swarm_pkg.egg-info/top_level.txt
writing manifest file '../../build/swarm_pkg/swarm_pkg.egg-info/SOURCES.txt'
reading manifest file '../../build/swarm_pkg/swarm_pkg.egg-info/SOURCES.txt'
writing manifest file '../../build/swarm_pkg/swarm_pkg.egg-info/SOURCES.txt'
running build
running build_py
creating /home/neha/swarm_ws/build/swarm_pkg/build
creating /home/neha/swarm_ws/build/swarm_pkg/build/lib
creating /home/neha/swarm_ws/build/swarm_pkg/build/lib/swarm_pkg
copying swarm_pkg/__init__.py -> /home/neha/swarm_ws/build/swarm_pkg/build/lib/swarm_pkg
running install
running install_lib
creating /home/neha/swarm_ws/install/swarm_pkg/lib/python3.10/site-packages/swarm_pkg
copying /home/neha/swarm_ws/build/swarm_pkg/build/lib/swarm_pkg/__init__.py -> /home/neha/swarm_ws/install/swarm_pkg/lib/python3.10/site-packages/swarm_pkg
byte-compiling /home/neha/swarm_ws/install/swarm_pkg/lib/python3.10/site-packages/swarm_pkg/__init__.py to __init__.cpython-310.pyc
running install_data
creating /home/neha/swarm_ws/install/swarm_pkg/share/ament_index
creating /home/neha/swarm_ws/install/swarm_pkg/share/ament_index/resource_index
creating /home/neha/swarm_ws/install/swarm_pkg/share/ament_index/resource_index/packages
copying resource/swarm_pkg -> /home/neha/swarm_ws/install/swarm_pkg/share/ament_index/resource_index/packages
copying package.xml -> /home/neha/swarm_ws/install/swarm_pkg/share/swarm_pkg
creating /home/neha/swarm_ws/install/swarm_pkg/share/swarm_pkg/launch
copying launch/multi_robot.launch.py -> /home/neha/swarm_ws/install/swarm_pkg/share/swarm_pkg/launch
running install_egg_info
Copying ../../build/swarm_pkg/swarm_pkg.egg-info to /home/neha/swarm_ws/install/swarm_pkg/lib/python3.10/site-packages/swarm_pkg-0.0.0-py3.10.egg-info
running install_scripts
writing list of installed files to '/home/neha/swarm_ws/build/swarm_pkg/install.log'
