[2.827s] Invoking command in '/home/neha/swarm_ws/src/swarm_pkg': PYTHONPATH=/home/neha/swarm_ws/build/swarm_pkg/prefix_override:/usr/lib/python3/dist-packages/colcon_core/task/python/colcon_distutils_commands:/home/neha/swarm_ws/install/swarm_pkg/lib/python3.10/site-packages:${PYTHONPATH} /usr/bin/python3 -W ignore:setup.py install is deprecated -W ignore:easy_install command is deprecated setup.py egg_info --egg-base ../../build/swarm_pkg build --build-base /home/neha/swarm_ws/build/swarm_pkg/build install --record /home/neha/swarm_ws/build/swarm_pkg/install.log --single-version-externally-managed install_data
[4.084s] running egg_info
[4.089s] creating ../../build/swarm_pkg/swarm_pkg.egg-info
[4.091s] writing ../../build/swarm_pkg/swarm_pkg.egg-info/PKG-INFO
[4.093s] writing dependency_links to ../../build/swarm_pkg/swarm_pkg.egg-info/dependency_links.txt
[4.094s] writing entry points to ../../build/swarm_pkg/swarm_pkg.egg-info/entry_points.txt
[4.095s] writing requirements to ../../build/swarm_pkg/swarm_pkg.egg-info/requires.txt
[4.095s] writing top-level names to ../../build/swarm_pkg/swarm_pkg.egg-info/top_level.txt
[4.096s] writing manifest file '../../build/swarm_pkg/swarm_pkg.egg-info/SOURCES.txt'
[4.114s] reading manifest file '../../build/swarm_pkg/swarm_pkg.egg-info/SOURCES.txt'
[4.127s] writing manifest file '../../build/swarm_pkg/swarm_pkg.egg-info/SOURCES.txt'
[4.128s] running build
[4.129s] running build_py
[4.130s] creating /home/neha/swarm_ws/build/swarm_pkg/build
[4.131s] creating /home/neha/swarm_ws/build/swarm_pkg/build/lib
[4.131s] creating /home/neha/swarm_ws/build/swarm_pkg/build/lib/swarm_pkg
[4.131s] copying swarm_pkg/__init__.py -> /home/neha/swarm_ws/build/swarm_pkg/build/lib/swarm_pkg
[4.132s] running install
[4.134s] running install_lib
[4.135s] creating /home/neha/swarm_ws/install/swarm_pkg/lib/python3.10/site-packages/swarm_pkg
[4.135s] copying /home/neha/swarm_ws/build/swarm_pkg/build/lib/swarm_pkg/__init__.py -> /home/neha/swarm_ws/install/swarm_pkg/lib/python3.10/site-packages/swarm_pkg
[4.136s] byte-compiling /home/neha/swarm_ws/install/swarm_pkg/lib/python3.10/site-packages/swarm_pkg/__init__.py to __init__.cpython-310.pyc
[4.139s] running install_data
[4.142s] creating /home/neha/swarm_ws/install/swarm_pkg/share/ament_index
[4.143s] creating /home/neha/swarm_ws/install/swarm_pkg/share/ament_index/resource_index
[4.144s] creating /home/neha/swarm_ws/install/swarm_pkg/share/ament_index/resource_index/packages
[4.144s] copying resource/swarm_pkg -> /home/neha/swarm_ws/install/swarm_pkg/share/ament_index/resource_index/packages
[4.145s] copying package.xml -> /home/neha/swarm_ws/install/swarm_pkg/share/swarm_pkg
[4.146s] creating /home/neha/swarm_ws/install/swarm_pkg/share/swarm_pkg/launch
[4.150s] copying launch/multi_robot.launch.py -> /home/neha/swarm_ws/install/swarm_pkg/share/swarm_pkg/launch
[4.150s] running install_egg_info
[4.165s] Copying ../../build/swarm_pkg/swarm_pkg.egg-info to /home/neha/swarm_ws/install/swarm_pkg/lib/python3.10/site-packages/swarm_pkg-0.0.0-py3.10.egg-info
[4.177s] running install_scripts
[4.312s] writing list of installed files to '/home/neha/swarm_ws/build/swarm_pkg/install.log'
[4.401s] Invoked command in '/home/neha/swarm_ws/src/swarm_pkg' returned '0': PYTHONPATH=/home/neha/swarm_ws/build/swarm_pkg/prefix_override:/usr/lib/python3/dist-packages/colcon_core/task/python/colcon_distutils_commands:/home/neha/swarm_ws/install/swarm_pkg/lib/python3.10/site-packages:${PYTHONPATH} /usr/bin/python3 -W ignore:setup.py install is deprecated -W ignore:easy_install command is deprecated setup.py egg_info --egg-base ../../build/swarm_pkg build --build-base /home/neha/swarm_ws/build/swarm_pkg/build install --record /home/neha/swarm_ws/build/swarm_pkg/install.log --single-version-externally-managed install_data
