[2.521s] Invoking command in '/home/neha/swarm_ws/src/swarm_pkg': PYTHONPATH=/home/neha/swarm_ws/build/swarm_pkg/prefix_override:/usr/lib/python3/dist-packages/colcon_core/task/python/colcon_distutils_commands:/home/neha/swarm_ws/install/swarm_pkg/lib/python3.10/site-packages:${PYTHONPATH} /usr/bin/python3 -W ignore:setup.py install is deprecated -W ignore:easy_install command is deprecated setup.py egg_info --egg-base ../../build/swarm_pkg build --build-base /home/neha/swarm_ws/build/swarm_pkg/build install --record /home/neha/swarm_ws/build/swarm_pkg/install.log --single-version-externally-managed install_data
[3.337s] running egg_info
[3.340s] writing ../../build/swarm_pkg/swarm_pkg.egg-info/PKG-INFO
[3.341s] writing dependency_links to ../../build/swarm_pkg/swarm_pkg.egg-info/dependency_links.txt
[3.341s] writing entry points to ../../build/swarm_pkg/swarm_pkg.egg-info/entry_points.txt
[3.342s] writing requirements to ../../build/swarm_pkg/swarm_pkg.egg-info/requires.txt
[3.342s] writing top-level names to ../../build/swarm_pkg/swarm_pkg.egg-info/top_level.txt
[3.350s] reading manifest file '../../build/swarm_pkg/swarm_pkg.egg-info/SOURCES.txt'
[3.353s] writing manifest file '../../build/swarm_pkg/swarm_pkg.egg-info/SOURCES.txt'
[3.353s] running build
[3.353s] running build_py
[3.354s] copying swarm_pkg/follower.py -> /home/neha/swarm_ws/build/swarm_pkg/build/lib/swarm_pkg
[3.354s] running install
[3.355s] running install_lib
[3.358s] copying /home/neha/swarm_ws/build/swarm_pkg/build/lib/swarm_pkg/follower.py -> /home/neha/swarm_ws/install/swarm_pkg/lib/python3.10/site-packages/swarm_pkg
[3.359s] byte-compiling /home/neha/swarm_ws/install/swarm_pkg/lib/python3.10/site-packages/swarm_pkg/follower.py to follower.cpython-310.pyc
[3.361s] running install_data
[3.362s] running install_egg_info
[3.367s] removing '/home/neha/swarm_ws/install/swarm_pkg/lib/python3.10/site-packages/swarm_pkg-0.0.0-py3.10.egg-info' (and everything under it)
[3.368s] Copying ../../build/swarm_pkg/swarm_pkg.egg-info to /home/neha/swarm_ws/install/swarm_pkg/lib/python3.10/site-packages/swarm_pkg-0.0.0-py3.10.egg-info
[3.370s] running install_scripts
[3.431s] Installing follower script to /home/neha/swarm_ws/install/swarm_pkg/lib/swarm_pkg
[3.431s] writing list of installed files to '/home/neha/swarm_ws/build/swarm_pkg/install.log'
[3.492s] Invoked command in '/home/neha/swarm_ws/src/swarm_pkg' returned '0': PYTHONPATH=/home/neha/swarm_ws/build/swarm_pkg/prefix_override:/usr/lib/python3/dist-packages/colcon_core/task/python/colcon_distutils_commands:/home/neha/swarm_ws/install/swarm_pkg/lib/python3.10/site-packages:${PYTHONPATH} /usr/bin/python3 -W ignore:setup.py install is deprecated -W ignore:easy_install command is deprecated setup.py egg_info --egg-base ../../build/swarm_pkg build --build-base /home/neha/swarm_ws/build/swarm_pkg/build install --record /home/neha/swarm_ws/build/swarm_pkg/install.log --single-version-externally-managed install_data
