[0.768s] DEBUG:colcon:Command line arguments: ['/usr/bin/colcon', 'build']
[0.768s] DEBUG:colcon:Parsed command line arguments: Namespace(log_base=None, log_level=None, verb_name='build', build_base='build', install_base='install', merge_install=False, symlink_install=False, test_result_base=None, continue_on_error=False, executor='parallel', parallel_workers=4, event_handlers=None, ignore_user_meta=False, metas=['./colcon.meta'], base_paths=['.'], packages_ignore=None, packages_ignore_regex=None, paths=None, packages_up_to=None, packages_up_to_regex=None, packages_above=None, packages_above_and_dependencies=None, packages_above_depth=None, packages_select_by_dep=None, packages_skip_by_dep=None, packages_skip_up_to=None, packages_select_build_failed=False, packages_skip_build_finished=False, packages_select_test_failures=False, packages_skip_test_passed=False, packages_select=None, packages_skip=None, packages_select_regex=None, packages_skip_regex=None, packages_start=None, packages_end=None, allow_overriding=[], cmake_args=None, cmake_target=None, cmake_target_skip_unavailable=False, cmake_clean_cache=False, cmake_clean_first=False, cmake_force_configure=False, ament_cmake_args=None, catkin_cmake_args=None, catkin_skip_building_tests=False, verb_parser=<colcon_defaults.argument_parser.defaults.DefaultArgumentsDecorator object at 0x76539d260640>, verb_extension=<colcon_core.verb.build.BuildVerb object at 0x76539d22fe50>, main=<bound method BuildVerb.main of <colcon_core.verb.build.BuildVerb object at 0x76539d22fe50>>)
[1.611s] Level 1:colcon.colcon_core.package_discovery:discover_packages(colcon_meta) check parameters
[1.612s] Level 1:colcon.colcon_core.package_discovery:discover_packages(recursive) check parameters
[1.612s] Level 1:colcon.colcon_core.package_discovery:discover_packages(ignore) check parameters
[1.612s] Level 1:colcon.colcon_core.package_discovery:discover_packages(path) check parameters
[1.612s] Level 1:colcon.colcon_core.package_discovery:discover_packages(colcon_meta) discover
[1.612s] Level 1:colcon.colcon_core.package_discovery:discover_packages(recursive) discover
[1.612s] INFO:colcon.colcon_core.package_discovery:Crawling recursively for packages in '/home/neha/swarm_ws'
[1.612s] Level 1:colcon.colcon_core.package_identification:_identify(.) by extensions ['ignore', 'ignore_ament_install']
[1.613s] Level 1:colcon.colcon_core.package_identification:_identify(.) by extension 'ignore'
[1.613s] Level 1:colcon.colcon_core.package_identification:_identify(.) by extension 'ignore_ament_install'
[1.613s] Level 1:colcon.colcon_core.package_identification:_identify(.) by extensions ['colcon_pkg']
[1.613s] Level 1:colcon.colcon_core.package_identification:_identify(.) by extension 'colcon_pkg'
[1.613s] Level 1:colcon.colcon_core.package_identification:_identify(.) by extensions ['colcon_meta']
[1.614s] Level 1:colcon.colcon_core.package_identification:_identify(.) by extension 'colcon_meta'
[1.614s] Level 1:colcon.colcon_core.package_identification:_identify(.) by extensions ['ros']
[1.614s] Level 1:colcon.colcon_core.package_identification:_identify(.) by extension 'ros'
[1.654s] Level 1:colcon.colcon_core.package_identification:_identify(.) by extensions ['cmake', 'python']
[1.654s] Level 1:colcon.colcon_core.package_identification:_identify(.) by extension 'cmake'
[1.655s] Level 1:colcon.colcon_core.package_identification:_identify(.) by extension 'python'
[1.655s] Level 1:colcon.colcon_core.package_identification:_identify(.) by extensions ['python_setup_py']
[1.655s] Level 1:colcon.colcon_core.package_identification:_identify(.) by extension 'python_setup_py'
[1.655s] Level 1:colcon.colcon_core.package_identification:_identify(build) by extensions ['ignore', 'ignore_ament_install']
[1.655s] Level 1:colcon.colcon_core.package_identification:_identify(build) by extension 'ignore'
[1.656s] Level 1:colcon.colcon_core.package_identification:_identify(build) ignored
[1.656s] Level 1:colcon.colcon_core.package_identification:_identify(install) by extensions ['ignore', 'ignore_ament_install']
[1.656s] Level 1:colcon.colcon_core.package_identification:_identify(install) by extension 'ignore'
[1.656s] Level 1:colcon.colcon_core.package_identification:_identify(install) ignored
[1.657s] Level 1:colcon.colcon_core.package_identification:_identify(log) by extensions ['ignore', 'ignore_ament_install']
[1.657s] Level 1:colcon.colcon_core.package_identification:_identify(log) by extension 'ignore'
[1.657s] Level 1:colcon.colcon_core.package_identification:_identify(log) ignored
[1.657s] Level 1:colcon.colcon_core.package_identification:_identify(src) by extensions ['ignore', 'ignore_ament_install']
[1.657s] Level 1:colcon.colcon_core.package_identification:_identify(src) by extension 'ignore'
[1.658s] Level 1:colcon.colcon_core.package_identification:_identify(src) by extension 'ignore_ament_install'
[1.658s] Level 1:colcon.colcon_core.package_identification:_identify(src) by extensions ['colcon_pkg']
[1.658s] Level 1:colcon.colcon_core.package_identification:_identify(src) by extension 'colcon_pkg'
[1.658s] Level 1:colcon.colcon_core.package_identification:_identify(src) by extensions ['colcon_meta']
[1.658s] Level 1:colcon.colcon_core.package_identification:_identify(src) by extension 'colcon_meta'
[1.658s] Level 1:colcon.colcon_core.package_identification:_identify(src) by extensions ['ros']
[1.658s] Level 1:colcon.colcon_core.package_identification:_identify(src) by extension 'ros'
[1.659s] Level 1:colcon.colcon_core.package_identification:_identify(src) by extensions ['cmake', 'python']
[1.659s] Level 1:colcon.colcon_core.package_identification:_identify(src) by extension 'cmake'
[1.659s] Level 1:colcon.colcon_core.package_identification:_identify(src) by extension 'python'
[1.659s] Level 1:colcon.colcon_core.package_identification:_identify(src) by extensions ['python_setup_py']
[1.659s] Level 1:colcon.colcon_core.package_identification:_identify(src) by extension 'python_setup_py'
[1.659s] Level 1:colcon.colcon_core.package_identification:_identify(src/swarm_pkg) by extensions ['ignore', 'ignore_ament_install']
[1.660s] Level 1:colcon.colcon_core.package_identification:_identify(src/swarm_pkg) by extension 'ignore'
[1.660s] Level 1:colcon.colcon_core.package_identification:_identify(src/swarm_pkg) by extension 'ignore_ament_install'
[1.660s] Level 1:colcon.colcon_core.package_identification:_identify(src/swarm_pkg) by extensions ['colcon_pkg']
[1.660s] Level 1:colcon.colcon_core.package_identification:_identify(src/swarm_pkg) by extension 'colcon_pkg'
[1.660s] Level 1:colcon.colcon_core.package_identification:_identify(src/swarm_pkg) by extensions ['colcon_meta']
[1.660s] Level 1:colcon.colcon_core.package_identification:_identify(src/swarm_pkg) by extension 'colcon_meta'
[1.660s] Level 1:colcon.colcon_core.package_identification:_identify(src/swarm_pkg) by extensions ['ros']
[1.660s] Level 1:colcon.colcon_core.package_identification:_identify(src/swarm_pkg) by extension 'ros'
[1.670s] DEBUG:colcon.colcon_core.package_identification:Package 'src/swarm_pkg' with type 'ros.ament_python' and name 'swarm_pkg'
[1.670s] Level 1:colcon.colcon_core.package_discovery:discover_packages(recursive) using defaults
[1.670s] Level 1:colcon.colcon_core.package_discovery:discover_packages(ignore) discover
[1.670s] Level 1:colcon.colcon_core.package_discovery:discover_packages(ignore) using defaults
[1.670s] Level 1:colcon.colcon_core.package_discovery:discover_packages(path) discover
[1.670s] Level 1:colcon.colcon_core.package_discovery:discover_packages(path) using defaults
[1.754s] Level 1:colcon.colcon_core.package_discovery:discover_packages(prefix_path) check parameters
[1.754s] Level 1:colcon.colcon_core.package_discovery:discover_packages(prefix_path) discover
[1.782s] DEBUG:colcon.colcon_installed_package_information.package_discovery:Found 1 installed packages in /home/neha/swarm_ws/install
[1.788s] DEBUG:colcon.colcon_installed_package_information.package_discovery:Found 441 installed packages in /opt/ros/humble
[1.799s] Level 1:colcon.colcon_core.package_discovery:discover_packages(prefix_path) using defaults
[2.026s] Level 5:colcon.colcon_core.verb:set package 'swarm_pkg' build argument 'cmake_args' from command line to 'None'
[2.026s] Level 5:colcon.colcon_core.verb:set package 'swarm_pkg' build argument 'cmake_target' from command line to 'None'
[2.026s] Level 5:colcon.colcon_core.verb:set package 'swarm_pkg' build argument 'cmake_target_skip_unavailable' from command line to 'False'
[2.027s] Level 5:colcon.colcon_core.verb:set package 'swarm_pkg' build argument 'cmake_clean_cache' from command line to 'False'
[2.027s] Level 5:colcon.colcon_core.verb:set package 'swarm_pkg' build argument 'cmake_clean_first' from command line to 'False'
[2.027s] Level 5:colcon.colcon_core.verb:set package 'swarm_pkg' build argument 'cmake_force_configure' from command line to 'False'
[2.027s] Level 5:colcon.colcon_core.verb:set package 'swarm_pkg' build argument 'ament_cmake_args' from command line to 'None'
[2.027s] Level 5:colcon.colcon_core.verb:set package 'swarm_pkg' build argument 'catkin_cmake_args' from command line to 'None'
[2.027s] Level 5:colcon.colcon_core.verb:set package 'swarm_pkg' build argument 'catkin_skip_building_tests' from command line to 'False'
[2.027s] DEBUG:colcon.colcon_core.verb:Building package 'swarm_pkg' with the following arguments: {'ament_cmake_args': None, 'build_base': '/home/neha/swarm_ws/build/swarm_pkg', 'catkin_cmake_args': None, 'catkin_skip_building_tests': False, 'cmake_args': None, 'cmake_clean_cache': False, 'cmake_clean_first': False, 'cmake_force_configure': False, 'cmake_target': None, 'cmake_target_skip_unavailable': False, 'install_base': '/home/neha/swarm_ws/install/swarm_pkg', 'merge_install': False, 'path': '/home/neha/swarm_ws/src/swarm_pkg', 'symlink_install': False, 'test_result_base': None}
[2.028s] INFO:colcon.colcon_core.executor:Executing jobs using 'parallel' executor
[2.030s] DEBUG:colcon.colcon_parallel_executor.executor.parallel:run_until_complete
[2.031s] INFO:colcon.colcon_ros.task.ament_python.build:Building ROS package in '/home/neha/swarm_ws/src/swarm_pkg' with build type 'ament_python'
[2.031s] Level 1:colcon.colcon_core.shell:create_environment_hook('swarm_pkg', 'ament_prefix_path')
[2.044s] INFO:colcon.colcon_core.plugin_system:Skipping extension 'colcon_core.shell.bat': Not used on non-Windows systems
[2.045s] INFO:colcon.colcon_core.shell:Creating environment hook '/home/neha/swarm_ws/install/swarm_pkg/share/swarm_pkg/hook/ament_prefix_path.ps1'
[2.048s] INFO:colcon.colcon_core.shell:Creating environment descriptor '/home/neha/swarm_ws/install/swarm_pkg/share/swarm_pkg/hook/ament_prefix_path.dsv'
[2.054s] INFO:colcon.colcon_core.shell:Creating environment hook '/home/neha/swarm_ws/install/swarm_pkg/share/swarm_pkg/hook/ament_prefix_path.sh'
[2.058s] INFO:colcon.colcon_core.shell:Skip shell extension 'powershell' for command environment: Not usable outside of PowerShell
[2.058s] DEBUG:colcon.colcon_core.shell:Skip shell extension 'dsv' for command environment
[3.047s] INFO:colcon.colcon_core.task.python.build:Building Python package in '/home/neha/swarm_ws/src/swarm_pkg'
[3.048s] INFO:colcon.colcon_core.shell:Skip shell extension 'powershell' for command environment: Not usable outside of PowerShell
[3.048s] DEBUG:colcon.colcon_core.shell:Skip shell extension 'dsv' for command environment
[4.759s] DEBUG:colcon.colcon_core.event_handler.log_command:Invoking command in '/home/neha/swarm_ws/src/swarm_pkg': PYTHONPATH=/home/neha/swarm_ws/build/swarm_pkg/prefix_override:/usr/lib/python3/dist-packages/colcon_core/task/python/colcon_distutils_commands:/home/neha/swarm_ws/install/swarm_pkg/lib/python3.10/site-packages:${PYTHONPATH} /usr/bin/python3 -W ignore:setup.py install is deprecated -W ignore:easy_install command is deprecated setup.py egg_info --egg-base ../../build/swarm_pkg build --build-base /home/neha/swarm_ws/build/swarm_pkg/build install --record /home/neha/swarm_ws/build/swarm_pkg/install.log --single-version-externally-managed install_data
[5.924s] DEBUG:colcon.colcon_core.event_handler.log_command:Invoked command in '/home/neha/swarm_ws/src/swarm_pkg' returned '0': PYTHONPATH=/home/neha/swarm_ws/build/swarm_pkg/prefix_override:/usr/lib/python3/dist-packages/colcon_core/task/python/colcon_distutils_commands:/home/neha/swarm_ws/install/swarm_pkg/lib/python3.10/site-packages:${PYTHONPATH} /usr/bin/python3 -W ignore:setup.py install is deprecated -W ignore:easy_install command is deprecated setup.py egg_info --egg-base ../../build/swarm_pkg build --build-base /home/neha/swarm_ws/build/swarm_pkg/build install --record /home/neha/swarm_ws/build/swarm_pkg/install.log --single-version-externally-managed install_data
[5.946s] Level 1:colcon.colcon_core.environment:checking '/home/neha/swarm_ws/install/swarm_pkg' for CMake module files
[5.947s] Level 1:colcon.colcon_core.environment:checking '/home/neha/swarm_ws/install/swarm_pkg' for CMake config files
[5.950s] Level 1:colcon.colcon_core.environment:checking '/home/neha/swarm_ws/install/swarm_pkg/lib'
[5.950s] Level 1:colcon.colcon_core.environment:checking '/home/neha/swarm_ws/install/swarm_pkg/bin'
[5.951s] Level 1:colcon.colcon_core.environment:checking '/home/neha/swarm_ws/install/swarm_pkg/lib/pkgconfig/swarm_pkg.pc'
[5.952s] Level 1:colcon.colcon_core.environment:checking '/home/neha/swarm_ws/install/swarm_pkg/lib/python3.10/site-packages'
[5.952s] Level 1:colcon.colcon_core.shell:create_environment_hook('swarm_pkg', 'pythonpath')
[5.953s] INFO:colcon.colcon_core.shell:Creating environment hook '/home/neha/swarm_ws/install/swarm_pkg/share/swarm_pkg/hook/pythonpath.ps1'
[5.955s] INFO:colcon.colcon_core.shell:Creating environment descriptor '/home/neha/swarm_ws/install/swarm_pkg/share/swarm_pkg/hook/pythonpath.dsv'
[5.957s] INFO:colcon.colcon_core.shell:Creating environment hook '/home/neha/swarm_ws/install/swarm_pkg/share/swarm_pkg/hook/pythonpath.sh'
[5.959s] Level 1:colcon.colcon_core.environment:checking '/home/neha/swarm_ws/install/swarm_pkg/bin'
[5.959s] Level 1:colcon.colcon_core.environment:create_environment_scripts_only(swarm_pkg)
[5.960s] INFO:colcon.colcon_core.shell:Creating package script '/home/neha/swarm_ws/install/swarm_pkg/share/swarm_pkg/package.ps1'
[5.964s] INFO:colcon.colcon_core.shell:Creating package descriptor '/home/neha/swarm_ws/install/swarm_pkg/share/swarm_pkg/package.dsv'
[5.966s] INFO:colcon.colcon_core.shell:Creating package script '/home/neha/swarm_ws/install/swarm_pkg/share/swarm_pkg/package.sh'
[5.969s] INFO:colcon.colcon_core.shell:Creating package script '/home/neha/swarm_ws/install/swarm_pkg/share/swarm_pkg/package.bash'
[5.973s] INFO:colcon.colcon_core.shell:Creating package script '/home/neha/swarm_ws/install/swarm_pkg/share/swarm_pkg/package.zsh'
[5.976s] Level 1:colcon.colcon_core.environment:create_file_with_runtime_dependencies(/home/neha/swarm_ws/install/swarm_pkg/share/colcon-core/packages/swarm_pkg)
[5.976s] DEBUG:colcon.colcon_parallel_executor.executor.parallel:closing loop
[5.977s] DEBUG:colcon.colcon_parallel_executor.executor.parallel:loop closed
[5.977s] DEBUG:colcon.colcon_parallel_executor.executor.parallel:run_until_complete finished with '0'
[5.978s] DEBUG:colcon.colcon_core.event_reactor:joining thread
[6.006s] INFO:colcon.colcon_core.plugin_system:Skipping extension 'colcon_notification.desktop_notification.terminal_notifier': Not used on non-Darwin systems
[6.006s] INFO:colcon.colcon_core.plugin_system:Skipping extension 'colcon_notification.desktop_notification.win32': Not used on non-Windows systems
[6.006s] INFO:colcon.colcon_notification.desktop_notification:Sending desktop notification using 'notify2'
[6.088s] DEBUG:colcon.colcon_core.event_reactor:joined thread
[6.089s] INFO:colcon.colcon_core.shell:Creating prefix script '/home/neha/swarm_ws/install/local_setup.ps1'
[6.096s] INFO:colcon.colcon_core.shell:Creating prefix util module '/home/neha/swarm_ws/install/_local_setup_util_ps1.py'
[6.103s] INFO:colcon.colcon_core.shell:Creating prefix chain script '/home/neha/swarm_ws/install/setup.ps1'
[6.107s] INFO:colcon.colcon_core.shell:Creating prefix script '/home/neha/swarm_ws/install/local_setup.sh'
[6.110s] INFO:colcon.colcon_core.shell:Creating prefix util module '/home/neha/swarm_ws/install/_local_setup_util_sh.py'
[6.111s] INFO:colcon.colcon_core.shell:Creating prefix chain script '/home/neha/swarm_ws/install/setup.sh'
[6.116s] INFO:colcon.colcon_core.shell:Creating prefix script '/home/neha/swarm_ws/install/local_setup.bash'
[6.118s] INFO:colcon.colcon_core.shell:Creating prefix chain script '/home/neha/swarm_ws/install/setup.bash'
[6.124s] INFO:colcon.colcon_core.shell:Creating prefix script '/home/neha/swarm_ws/install/local_setup.zsh'
[6.126s] INFO:colcon.colcon_core.shell:Creating prefix chain script '/home/neha/swarm_ws/install/setup.zsh'
