[2.197s] Invoking command in '/home/neha/swarm_ws/src/swarm_pkg': PYTHONPATH=/home/neha/swarm_ws/build/swarm_pkg/prefix_override:/usr/lib/python3/dist-packages/colcon_core/task/python/colcon_distutils_commands:/home/neha/swarm_ws/install/swarm_pkg/lib/python3.10/site-packages:${PYTHONPATH} /usr/bin/python3 -W ignore:setup.py install is deprecated -W ignore:easy_install command is deprecated setup.py egg_info --egg-base ../../build/swarm_pkg build --build-base /home/neha/swarm_ws/build/swarm_pkg/build install --record /home/neha/swarm_ws/build/swarm_pkg/install.log --single-version-externally-managed install_data
[3.024s] running egg_info
[3.026s] writing ../../build/swarm_pkg/swarm_pkg.egg-info/PKG-INFO
[3.027s] writing dependency_links to ../../build/swarm_pkg/swarm_pkg.egg-info/dependency_links.txt
[3.027s] writing entry points to ../../build/swarm_pkg/swarm_pkg.egg-info/entry_points.txt
[3.028s] writing requirements to ../../build/swarm_pkg/swarm_pkg.egg-info/requires.txt
[3.028s] writing top-level names to ../../build/swarm_pkg/swarm_pkg.egg-info/top_level.txt
[3.035s] reading manifest file '../../build/swarm_pkg/swarm_pkg.egg-info/SOURCES.txt'
[3.040s] writing manifest file '../../build/swarm_pkg/swarm_pkg.egg-info/SOURCES.txt'
[3.040s] running build
[3.041s] running build_py
[3.041s] copying swarm_pkg/follower.py -> /home/neha/swarm_ws/build/swarm_pkg/build/lib/swarm_pkg
[3.041s] running install
[3.043s] running install_lib
[3.044s] copying /home/neha/swarm_ws/build/swarm_pkg/build/lib/swarm_pkg/follower.py -> /home/neha/swarm_ws/install/swarm_pkg/lib/python3.10/site-packages/swarm_pkg
[3.046s] byte-compiling /home/neha/swarm_ws/install/swarm_pkg/lib/python3.10/site-packages/swarm_pkg/follower.py to follower.cpython-310.pyc
[3.048s] running install_data
[3.050s] running install_egg_info
[3.055s] removing '/home/neha/swarm_ws/install/swarm_pkg/lib/python3.10/site-packages/swarm_pkg-0.0.0-py3.10.egg-info' (and everything under it)
[3.057s] Copying ../../build/swarm_pkg/swarm_pkg.egg-info to /home/neha/swarm_ws/install/swarm_pkg/lib/python3.10/site-packages/swarm_pkg-0.0.0-py3.10.egg-info
[3.057s] running install_scripts
[3.125s] Installing follower script to /home/neha/swarm_ws/install/swarm_pkg/lib/swarm_pkg
[3.126s] writing list of installed files to '/home/neha/swarm_ws/build/swarm_pkg/install.log'
[3.192s] Invoked command in '/home/neha/swarm_ws/src/swarm_pkg' returned '0': PYTHONPATH=/home/neha/swarm_ws/build/swarm_pkg/prefix_override:/usr/lib/python3/dist-packages/colcon_core/task/python/colcon_distutils_commands:/home/neha/swarm_ws/install/swarm_pkg/lib/python3.10/site-packages:${PYTHONPATH} /usr/bin/python3 -W ignore:setup.py install is deprecated -W ignore:easy_install command is deprecated setup.py egg_info --egg-base ../../build/swarm_pkg build --build-base /home/neha/swarm_ws/build/swarm_pkg/build install --record /home/neha/swarm_ws/build/swarm_pkg/install.log --single-version-externally-managed install_data
