[0.367s] DEBUG:colcon:Command line arguments: ['/usr/bin/colcon', 'build']
[0.367s] DEBUG:colcon:Parsed command line arguments: Namespace(log_base=None, log_level=None, verb_name='build', build_base='build', install_base='install', merge_install=False, symlink_install=False, test_result_base=None, continue_on_error=False, executor='parallel', parallel_workers=4, event_handlers=None, ignore_user_meta=False, metas=['./colcon.meta'], base_paths=['.'], packages_ignore=None, packages_ignore_regex=None, paths=None, packages_up_to=None, packages_up_to_regex=None, packages_above=None, packages_above_and_dependencies=None, packages_above_depth=None, packages_select_by_dep=None, packages_skip_by_dep=None, packages_skip_up_to=None, packages_select_build_failed=False, packages_skip_build_finished=False, packages_select_test_failures=False, packages_skip_test_passed=False, packages_select=None, packages_skip=None, packages_select_regex=None, packages_skip_regex=None, packages_start=None, packages_end=None, allow_overriding=[], cmake_args=None, cmake_target=None, cmake_target_skip_unavailable=False, cmake_clean_cache=False, cmake_clean_first=False, cmake_force_configure=False, ament_cmake_args=None, catkin_cmake_args=None, catkin_skip_building_tests=False, verb_parser=<colcon_defaults.argument_parser.defaults.DefaultArgumentsDecorator object at 0x70aaee060370>, verb_extension=<colcon_core.verb.build.BuildVerb object at 0x70aaee02f310>, main=<bound method BuildVerb.main of <colcon_core.verb.build.BuildVerb object at 0x70aaee02f310>>)
[0.945s] Level 1:colcon.colcon_core.package_discovery:discover_packages(colcon_meta) check parameters
[0.945s] Level 1:colcon.colcon_core.package_discovery:discover_packages(recursive) check parameters
[0.946s] Level 1:colcon.colcon_core.package_discovery:discover_packages(ignore) check parameters
[0.946s] Level 1:colcon.colcon_core.package_discovery:discover_packages(path) check parameters
[0.946s] Level 1:colcon.colcon_core.package_discovery:discover_packages(colcon_meta) discover
[0.946s] Level 1:colcon.colcon_core.package_discovery:discover_packages(recursive) discover
[0.946s] INFO:colcon.colcon_core.package_discovery:Crawling recursively for packages in '/home/neha/swarm_ws'
[0.946s] Level 1:colcon.colcon_core.package_identification:_identify(.) by extensions ['ignore', 'ignore_ament_install']
[0.947s] Level 1:colcon.colcon_core.package_identification:_identify(.) by extension 'ignore'
[0.947s] Level 1:colcon.colcon_core.package_identification:_identify(.) by extension 'ignore_ament_install'
[0.947s] Level 1:colcon.colcon_core.package_identification:_identify(.) by extensions ['colcon_pkg']
[0.947s] Level 1:colcon.colcon_core.package_identification:_identify(.) by extension 'colcon_pkg'
[0.947s] Level 1:colcon.colcon_core.package_identification:_identify(.) by extensions ['colcon_meta']
[0.947s] Level 1:colcon.colcon_core.package_identification:_identify(.) by extension 'colcon_meta'
[0.947s] Level 1:colcon.colcon_core.package_identification:_identify(.) by extensions ['ros']
[0.947s] Level 1:colcon.colcon_core.package_identification:_identify(.) by extension 'ros'
[0.983s] Level 1:colcon.colcon_core.package_identification:_identify(.) by extensions ['cmake', 'python']
[0.984s] Level 1:colcon.colcon_core.package_identification:_identify(.) by extension 'cmake'
[0.984s] Level 1:colcon.colcon_core.package_identification:_identify(.) by extension 'python'
[0.984s] Level 1:colcon.colcon_core.package_identification:_identify(.) by extensions ['python_setup_py']
[0.984s] Level 1:colcon.colcon_core.package_identification:_identify(.) by extension 'python_setup_py'
[0.984s] Level 1:colcon.colcon_core.package_identification:_identify(build) by extensions ['ignore', 'ignore_ament_install']
[0.985s] Level 1:colcon.colcon_core.package_identification:_identify(build) by extension 'ignore'
[0.985s] Level 1:colcon.colcon_core.package_identification:_identify(build) ignored
[0.985s] Level 1:colcon.colcon_core.package_identification:_identify(install) by extensions ['ignore', 'ignore_ament_install']
[0.985s] Level 1:colcon.colcon_core.package_identification:_identify(install) by extension 'ignore'
[0.985s] Level 1:colcon.colcon_core.package_identification:_identify(install) ignored
[0.986s] Level 1:colcon.colcon_core.package_identification:_identify(log) by extensions ['ignore', 'ignore_ament_install']
[0.986s] Level 1:colcon.colcon_core.package_identification:_identify(log) by extension 'ignore'
[0.986s] Level 1:colcon.colcon_core.package_identification:_identify(log) ignored
[0.986s] Level 1:colcon.colcon_core.package_identification:_identify(src) by extensions ['ignore', 'ignore_ament_install']
[0.986s] Level 1:colcon.colcon_core.package_identification:_identify(src) by extension 'ignore'
[0.987s] Level 1:colcon.colcon_core.package_identification:_identify(src) by extension 'ignore_ament_install'
[0.987s] Level 1:colcon.colcon_core.package_identification:_identify(src) by extensions ['colcon_pkg']
[0.987s] Level 1:colcon.colcon_core.package_identification:_identify(src) by extension 'colcon_pkg'
[0.987s] Level 1:colcon.colcon_core.package_identification:_identify(src) by extensions ['colcon_meta']
[0.987s] Level 1:colcon.colcon_core.package_identification:_identify(src) by extension 'colcon_meta'
[0.987s] Level 1:colcon.colcon_core.package_identification:_identify(src) by extensions ['ros']
[0.987s] Level 1:colcon.colcon_core.package_identification:_identify(src) by extension 'ros'
[0.988s] Level 1:colcon.colcon_core.package_identification:_identify(src) by extensions ['cmake', 'python']
[0.988s] Level 1:colcon.colcon_core.package_identification:_identify(src) by extension 'cmake'
[0.988s] Level 1:colcon.colcon_core.package_identification:_identify(src) by extension 'python'
[0.988s] Level 1:colcon.colcon_core.package_identification:_identify(src) by extensions ['python_setup_py']
[0.988s] Level 1:colcon.colcon_core.package_identification:_identify(src) by extension 'python_setup_py'
[0.988s] Level 1:colcon.colcon_core.package_identification:_identify(src/swarm_pkg) by extensions ['ignore', 'ignore_ament_install']
[0.988s] Level 1:colcon.colcon_core.package_identification:_identify(src/swarm_pkg) by extension 'ignore'
[0.989s] Level 1:colcon.colcon_core.package_identification:_identify(src/swarm_pkg) by extension 'ignore_ament_install'
[0.989s] Level 1:colcon.colcon_core.package_identification:_identify(src/swarm_pkg) by extensions ['colcon_pkg']
[0.989s] Level 1:colcon.colcon_core.package_identification:_identify(src/swarm_pkg) by extension 'colcon_pkg'
[0.989s] Level 1:colcon.colcon_core.package_identification:_identify(src/swarm_pkg) by extensions ['colcon_meta']
[0.989s] Level 1:colcon.colcon_core.package_identification:_identify(src/swarm_pkg) by extension 'colcon_meta'
[0.989s] Level 1:colcon.colcon_core.package_identification:_identify(src/swarm_pkg) by extensions ['ros']
[0.989s] Level 1:colcon.colcon_core.package_identification:_identify(src/swarm_pkg) by extension 'ros'
[0.997s] DEBUG:colcon.colcon_core.package_identification:Package 'src/swarm_pkg' with type 'ros.ament_python' and name 'swarm_pkg'
[0.997s] Level 1:colcon.colcon_core.package_discovery:discover_packages(recursive) using defaults
[0.997s] Level 1:colcon.colcon_core.package_discovery:discover_packages(ignore) discover
[0.997s] Level 1:colcon.colcon_core.package_discovery:discover_packages(ignore) using defaults
[0.997s] Level 1:colcon.colcon_core.package_discovery:discover_packages(path) discover
[0.997s] Level 1:colcon.colcon_core.package_discovery:discover_packages(path) using defaults
[1.062s] Level 1:colcon.colcon_core.package_discovery:discover_packages(prefix_path) check parameters
[1.063s] Level 1:colcon.colcon_core.package_discovery:discover_packages(prefix_path) discover
[1.094s] DEBUG:colcon.colcon_installed_package_information.package_discovery:Found 441 installed packages in /opt/ros/humble
[1.103s] Level 1:colcon.colcon_core.package_discovery:discover_packages(prefix_path) using defaults
[1.321s] Level 5:colcon.colcon_core.verb:set package 'swarm_pkg' build argument 'cmake_args' from command line to 'None'
[1.321s] Level 5:colcon.colcon_core.verb:set package 'swarm_pkg' build argument 'cmake_target' from command line to 'None'
[1.321s] Level 5:colcon.colcon_core.verb:set package 'swarm_pkg' build argument 'cmake_target_skip_unavailable' from command line to 'False'
[1.321s] Level 5:colcon.colcon_core.verb:set package 'swarm_pkg' build argument 'cmake_clean_cache' from command line to 'False'
[1.321s] Level 5:colcon.colcon_core.verb:set package 'swarm_pkg' build argument 'cmake_clean_first' from command line to 'False'
[1.321s] Level 5:colcon.colcon_core.verb:set package 'swarm_pkg' build argument 'cmake_force_configure' from command line to 'False'
[1.321s] Level 5:colcon.colcon_core.verb:set package 'swarm_pkg' build argument 'ament_cmake_args' from command line to 'None'
[1.321s] Level 5:colcon.colcon_core.verb:set package 'swarm_pkg' build argument 'catkin_cmake_args' from command line to 'None'
[1.321s] Level 5:colcon.colcon_core.verb:set package 'swarm_pkg' build argument 'catkin_skip_building_tests' from command line to 'False'
[1.321s] DEBUG:colcon.colcon_core.verb:Building package 'swarm_pkg' with the following arguments: {'ament_cmake_args': None, 'build_base': '/home/neha/swarm_ws/build/swarm_pkg', 'catkin_cmake_args': None, 'catkin_skip_building_tests': False, 'cmake_args': None, 'cmake_clean_cache': False, 'cmake_clean_first': False, 'cmake_force_configure': False, 'cmake_target': None, 'cmake_target_skip_unavailable': False, 'install_base': '/home/neha/swarm_ws/install/swarm_pkg', 'merge_install': False, 'path': '/home/neha/swarm_ws/src/swarm_pkg', 'symlink_install': False, 'test_result_base': None}
[1.322s] INFO:colcon.colcon_core.executor:Executing jobs using 'parallel' executor
[1.325s] DEBUG:colcon.colcon_parallel_executor.executor.parallel:run_until_complete
[1.325s] INFO:colcon.colcon_ros.task.ament_python.build:Building ROS package in '/home/neha/swarm_ws/src/swarm_pkg' with build type 'ament_python'
[1.326s] Level 1:colcon.colcon_core.shell:create_environment_hook('swarm_pkg', 'ament_prefix_path')
[1.331s] INFO:colcon.colcon_core.plugin_system:Skipping extension 'colcon_core.shell.bat': Not used on non-Windows systems
[1.332s] INFO:colcon.colcon_core.shell:Creating environment hook '/home/neha/swarm_ws/install/swarm_pkg/share/swarm_pkg/hook/ament_prefix_path.ps1'
[1.333s] INFO:colcon.colcon_core.shell:Creating environment descriptor '/home/neha/swarm_ws/install/swarm_pkg/share/swarm_pkg/hook/ament_prefix_path.dsv'
[1.335s] INFO:colcon.colcon_core.shell:Creating environment hook '/home/neha/swarm_ws/install/swarm_pkg/share/swarm_pkg/hook/ament_prefix_path.sh'
[1.338s] INFO:colcon.colcon_core.shell:Skip shell extension 'powershell' for command environment: Not usable outside of PowerShell
[1.338s] DEBUG:colcon.colcon_core.shell:Skip shell extension 'dsv' for command environment
[2.268s] INFO:colcon.colcon_core.task.python.build:Building Python package in '/home/neha/swarm_ws/src/swarm_pkg'
[2.269s] INFO:colcon.colcon_core.shell:Skip shell extension 'powershell' for command environment: Not usable outside of PowerShell
[2.269s] DEBUG:colcon.colcon_core.shell:Skip shell extension 'dsv' for command environment
[3.509s] DEBUG:colcon.colcon_core.event_handler.log_command:Invoking command in '/home/neha/swarm_ws/src/swarm_pkg': PYTHONPATH=/home/neha/swarm_ws/build/swarm_pkg/prefix_override:/usr/lib/python3/dist-packages/colcon_core/task/python/colcon_distutils_commands:/home/neha/swarm_ws/install/swarm_pkg/lib/python3.10/site-packages:${PYTHONPATH} /usr/bin/python3 -W ignore:setup.py install is deprecated -W ignore:easy_install command is deprecated setup.py egg_info --egg-base ../../build/swarm_pkg build --build-base /home/neha/swarm_ws/build/swarm_pkg/build install --record /home/neha/swarm_ws/build/swarm_pkg/install.log --single-version-externally-managed install_data
[4.562s] DEBUG:colcon.colcon_core.event_handler.log_command:Invoked command in '/home/neha/swarm_ws/src/swarm_pkg' returned '0': PYTHONPATH=/home/neha/swarm_ws/build/swarm_pkg/prefix_override:/usr/lib/python3/dist-packages/colcon_core/task/python/colcon_distutils_commands:/home/neha/swarm_ws/install/swarm_pkg/lib/python3.10/site-packages:${PYTHONPATH} /usr/bin/python3 -W ignore:setup.py install is deprecated -W ignore:easy_install command is deprecated setup.py egg_info --egg-base ../../build/swarm_pkg build --build-base /home/neha/swarm_ws/build/swarm_pkg/build install --record /home/neha/swarm_ws/build/swarm_pkg/install.log --single-version-externally-managed install_data
[4.568s] Level 1:colcon.colcon_core.environment:checking '/home/neha/swarm_ws/install/swarm_pkg' for CMake module files
[4.569s] Level 1:colcon.colcon_core.environment:checking '/home/neha/swarm_ws/install/swarm_pkg' for CMake config files
[4.571s] Level 1:colcon.colcon_core.environment:checking '/home/neha/swarm_ws/install/swarm_pkg/lib'
[4.571s] Level 1:colcon.colcon_core.environment:checking '/home/neha/swarm_ws/install/swarm_pkg/bin'
[4.572s] Level 1:colcon.colcon_core.environment:checking '/home/neha/swarm_ws/install/swarm_pkg/lib/pkgconfig/swarm_pkg.pc'
[4.573s] Level 1:colcon.colcon_core.environment:checking '/home/neha/swarm_ws/install/swarm_pkg/lib/python3.10/site-packages'
[4.573s] Level 1:colcon.colcon_core.shell:create_environment_hook('swarm_pkg', 'pythonpath')
[4.573s] INFO:colcon.colcon_core.shell:Creating environment hook '/home/neha/swarm_ws/install/swarm_pkg/share/swarm_pkg/hook/pythonpath.ps1'
[4.575s] INFO:colcon.colcon_core.shell:Creating environment descriptor '/home/neha/swarm_ws/install/swarm_pkg/share/swarm_pkg/hook/pythonpath.dsv'
[4.576s] INFO:colcon.colcon_core.shell:Creating environment hook '/home/neha/swarm_ws/install/swarm_pkg/share/swarm_pkg/hook/pythonpath.sh'
[4.580s] Level 1:colcon.colcon_core.environment:checking '/home/neha/swarm_ws/install/swarm_pkg/bin'
[4.580s] Level 1:colcon.colcon_core.environment:create_environment_scripts_only(swarm_pkg)
[4.581s] INFO:colcon.colcon_core.shell:Creating package script '/home/neha/swarm_ws/install/swarm_pkg/share/swarm_pkg/package.ps1'
[4.586s] INFO:colcon.colcon_core.shell:Creating package descriptor '/home/neha/swarm_ws/install/swarm_pkg/share/swarm_pkg/package.dsv'
[4.588s] INFO:colcon.colcon_core.shell:Creating package script '/home/neha/swarm_ws/install/swarm_pkg/share/swarm_pkg/package.sh'
[4.591s] INFO:colcon.colcon_core.shell:Creating package script '/home/neha/swarm_ws/install/swarm_pkg/share/swarm_pkg/package.bash'
[4.594s] INFO:colcon.colcon_core.shell:Creating package script '/home/neha/swarm_ws/install/swarm_pkg/share/swarm_pkg/package.zsh'
[4.597s] Level 1:colcon.colcon_core.environment:create_file_with_runtime_dependencies(/home/neha/swarm_ws/install/swarm_pkg/share/colcon-core/packages/swarm_pkg)
[4.598s] DEBUG:colcon.colcon_parallel_executor.executor.parallel:closing loop
[4.598s] DEBUG:colcon.colcon_parallel_executor.executor.parallel:loop closed
[4.598s] DEBUG:colcon.colcon_parallel_executor.executor.parallel:run_until_complete finished with '0'
[4.598s] DEBUG:colcon.colcon_core.event_reactor:joining thread
[4.616s] INFO:colcon.colcon_core.plugin_system:Skipping extension 'colcon_notification.desktop_notification.terminal_notifier': Not used on non-Darwin systems
[4.616s] INFO:colcon.colcon_core.plugin_system:Skipping extension 'colcon_notification.desktop_notification.win32': Not used on non-Windows systems
[4.616s] INFO:colcon.colcon_notification.desktop_notification:Sending desktop notification using 'notify2'
[4.667s] DEBUG:colcon.colcon_core.event_reactor:joined thread
[4.668s] INFO:colcon.colcon_core.shell:Creating prefix script '/home/neha/swarm_ws/install/local_setup.ps1'
[4.671s] INFO:colcon.colcon_core.shell:Creating prefix util module '/home/neha/swarm_ws/install/_local_setup_util_ps1.py'
[4.678s] INFO:colcon.colcon_core.shell:Creating prefix chain script '/home/neha/swarm_ws/install/setup.ps1'
[4.683s] INFO:colcon.colcon_core.shell:Creating prefix script '/home/neha/swarm_ws/install/local_setup.sh'
[4.685s] INFO:colcon.colcon_core.shell:Creating prefix util module '/home/neha/swarm_ws/install/_local_setup_util_sh.py'
[4.689s] INFO:colcon.colcon_core.shell:Creating prefix chain script '/home/neha/swarm_ws/install/setup.sh'
[4.695s] INFO:colcon.colcon_core.shell:Creating prefix script '/home/neha/swarm_ws/install/local_setup.bash'
[4.696s] INFO:colcon.colcon_core.shell:Creating prefix chain script '/home/neha/swarm_ws/install/setup.bash'
[4.699s] INFO:colcon.colcon_core.shell:Creating prefix script '/home/neha/swarm_ws/install/local_setup.zsh'
[4.701s] INFO:colcon.colcon_core.shell:Creating prefix chain script '/home/neha/swarm_ws/install/setup.zsh'
