[1.862s] DEBUG:colcon:Command line arguments: ['/usr/bin/colcon', 'build']
[1.862s] DEBUG:colcon:Parsed command line arguments: Namespace(log_base=None, log_level=None, verb_name='build', build_base='build', install_base='install', merge_install=False, symlink_install=False, test_result_base=None, continue_on_error=False, executor='parallel', parallel_workers=4, event_handlers=None, ignore_user_meta=False, metas=['./colcon.meta'], base_paths=['.'], packages_ignore=None, packages_ignore_regex=None, paths=None, packages_up_to=None, packages_up_to_regex=None, packages_above=None, packages_above_and_dependencies=None, packages_above_depth=None, packages_select_by_dep=None, packages_skip_by_dep=None, packages_skip_up_to=None, packages_select_build_failed=False, packages_skip_build_finished=False, packages_select_test_failures=False, packages_skip_test_passed=False, packages_select=None, packages_skip=None, packages_select_regex=None, packages_skip_regex=None, packages_start=None, packages_end=None, allow_overriding=[], cmake_args=None, cmake_target=None, cmake_target_skip_unavailable=False, cmake_clean_cache=False, cmake_clean_first=False, cmake_force_configure=False, ament_cmake_args=None, catkin_cmake_args=None, catkin_skip_building_tests=False, verb_parser=<colcon_defaults.argument_parser.defaults.DefaultArgumentsDecorator object at 0x7cf99cc20610>, verb_extension=<colcon_core.verb.build.BuildVerb object at 0x7cf99cbefe20>, main=<bound method BuildVerb.main of <colcon_core.verb.build.BuildVerb object at 0x7cf99cbefe20>>)
[4.747s] Level 1:colcon.colcon_core.package_discovery:discover_packages(colcon_meta) check parameters
[4.748s] Level 1:colcon.colcon_core.package_discovery:discover_packages(recursive) check parameters
[4.748s] Level 1:colcon.colcon_core.package_discovery:discover_packages(ignore) check parameters
[4.748s] Level 1:colcon.colcon_core.package_discovery:discover_packages(path) check parameters
[4.748s] Level 1:colcon.colcon_core.package_discovery:discover_packages(colcon_meta) discover
[4.748s] Level 1:colcon.colcon_core.package_discovery:discover_packages(recursive) discover
[4.749s] INFO:colcon.colcon_core.package_discovery:Crawling recursively for packages in '/home/neha/swarm_ws'
[4.749s] Level 1:colcon.colcon_core.package_identification:_identify(.) by extensions ['ignore', 'ignore_ament_install']
[4.749s] Level 1:colcon.colcon_core.package_identification:_identify(.) by extension 'ignore'
[4.750s] Level 1:colcon.colcon_core.package_identification:_identify(.) by extension 'ignore_ament_install'
[4.750s] Level 1:colcon.colcon_core.package_identification:_identify(.) by extensions ['colcon_pkg']
[4.750s] Level 1:colcon.colcon_core.package_identification:_identify(.) by extension 'colcon_pkg'
[4.750s] Level 1:colcon.colcon_core.package_identification:_identify(.) by extensions ['colcon_meta']
[4.750s] Level 1:colcon.colcon_core.package_identification:_identify(.) by extension 'colcon_meta'
[4.751s] Level 1:colcon.colcon_core.package_identification:_identify(.) by extensions ['ros']
[4.751s] Level 1:colcon.colcon_core.package_identification:_identify(.) by extension 'ros'
[4.931s] Level 1:colcon.colcon_core.package_identification:_identify(.) by extensions ['cmake', 'python']
[4.931s] Level 1:colcon.colcon_core.package_identification:_identify(.) by extension 'cmake'
[4.931s] Level 1:colcon.colcon_core.package_identification:_identify(.) by extension 'python'
[4.932s] Level 1:colcon.colcon_core.package_identification:_identify(.) by extensions ['python_setup_py']
[4.932s] Level 1:colcon.colcon_core.package_identification:_identify(.) by extension 'python_setup_py'
[4.933s] Level 1:colcon.colcon_core.package_identification:_identify(build) by extensions ['ignore', 'ignore_ament_install']
[4.935s] Level 1:colcon.colcon_core.package_identification:_identify(build) by extension 'ignore'
[4.936s] Level 1:colcon.colcon_core.package_identification:_identify(build) ignored
[4.939s] Level 1:colcon.colcon_core.package_identification:_identify(install) by extensions ['ignore', 'ignore_ament_install']
[4.944s] Level 1:colcon.colcon_core.package_identification:_identify(install) by extension 'ignore'
[4.945s] Level 1:colcon.colcon_core.package_identification:_identify(install) ignored
[4.949s] Level 1:colcon.colcon_core.package_identification:_identify(log) by extensions ['ignore', 'ignore_ament_install']
[4.953s] Level 1:colcon.colcon_core.package_identification:_identify(log) by extension 'ignore'
[4.954s] Level 1:colcon.colcon_core.package_identification:_identify(log) ignored
[4.955s] Level 1:colcon.colcon_core.package_identification:_identify(src) by extensions ['ignore', 'ignore_ament_install']
[4.955s] Level 1:colcon.colcon_core.package_identification:_identify(src) by extension 'ignore'
[4.957s] Level 1:colcon.colcon_core.package_identification:_identify(src) by extension 'ignore_ament_install'
[4.965s] Level 1:colcon.colcon_core.package_identification:_identify(src) by extensions ['colcon_pkg']
[4.968s] Level 1:colcon.colcon_core.package_identification:_identify(src) by extension 'colcon_pkg'
[4.971s] Level 1:colcon.colcon_core.package_identification:_identify(src) by extensions ['colcon_meta']
[4.971s] Level 1:colcon.colcon_core.package_identification:_identify(src) by extension 'colcon_meta'
[4.973s] Level 1:colcon.colcon_core.package_identification:_identify(src) by extensions ['ros']
[4.974s] Level 1:colcon.colcon_core.package_identification:_identify(src) by extension 'ros'
[4.981s] Level 1:colcon.colcon_core.package_identification:_identify(src) by extensions ['cmake', 'python']
[4.983s] Level 1:colcon.colcon_core.package_identification:_identify(src) by extension 'cmake'
[4.985s] Level 1:colcon.colcon_core.package_identification:_identify(src) by extension 'python'
[4.986s] Level 1:colcon.colcon_core.package_identification:_identify(src) by extensions ['python_setup_py']
[4.989s] Level 1:colcon.colcon_core.package_identification:_identify(src) by extension 'python_setup_py'
[4.998s] Level 1:colcon.colcon_core.package_identification:_identify(src/swarm_pkg) by extensions ['ignore', 'ignore_ament_install']
[5.003s] Level 1:colcon.colcon_core.package_identification:_identify(src/swarm_pkg) by extension 'ignore'
[5.004s] Level 1:colcon.colcon_core.package_identification:_identify(src/swarm_pkg) by extension 'ignore_ament_install'
[5.004s] Level 1:colcon.colcon_core.package_identification:_identify(src/swarm_pkg) by extensions ['colcon_pkg']
[5.005s] Level 1:colcon.colcon_core.package_identification:_identify(src/swarm_pkg) by extension 'colcon_pkg'
[5.005s] Level 1:colcon.colcon_core.package_identification:_identify(src/swarm_pkg) by extensions ['colcon_meta']
[5.005s] Level 1:colcon.colcon_core.package_identification:_identify(src/swarm_pkg) by extension 'colcon_meta'
[5.006s] Level 1:colcon.colcon_core.package_identification:_identify(src/swarm_pkg) by extensions ['ros']
[5.006s] Level 1:colcon.colcon_core.package_identification:_identify(src/swarm_pkg) by extension 'ros'
[5.037s] DEBUG:colcon.colcon_core.package_identification:Package 'src/swarm_pkg' with type 'ros.ament_python' and name 'swarm_pkg'
[5.037s] Level 1:colcon.colcon_core.package_discovery:discover_packages(recursive) using defaults
[5.040s] Level 1:colcon.colcon_core.package_discovery:discover_packages(ignore) discover
[5.047s] Level 1:colcon.colcon_core.package_discovery:discover_packages(ignore) using defaults
[5.053s] Level 1:colcon.colcon_core.package_discovery:discover_packages(path) discover
[5.055s] Level 1:colcon.colcon_core.package_discovery:discover_packages(path) using defaults
[5.357s] Level 1:colcon.colcon_core.package_discovery:discover_packages(prefix_path) check parameters
[5.360s] Level 1:colcon.colcon_core.package_discovery:discover_packages(prefix_path) discover
[5.522s] DEBUG:colcon.colcon_installed_package_information.package_discovery:Found 1 installed packages in /home/neha/swarm_ws/install
[5.531s] DEBUG:colcon.colcon_installed_package_information.package_discovery:Found 441 installed packages in /opt/ros/humble
[5.578s] Level 1:colcon.colcon_core.package_discovery:discover_packages(prefix_path) using defaults
[6.585s] Level 5:colcon.colcon_core.verb:set package 'swarm_pkg' build argument 'cmake_args' from command line to 'None'
[6.586s] Level 5:colcon.colcon_core.verb:set package 'swarm_pkg' build argument 'cmake_target' from command line to 'None'
[6.586s] Level 5:colcon.colcon_core.verb:set package 'swarm_pkg' build argument 'cmake_target_skip_unavailable' from command line to 'False'
[6.586s] Level 5:colcon.colcon_core.verb:set package 'swarm_pkg' build argument 'cmake_clean_cache' from command line to 'False'
[6.586s] Level 5:colcon.colcon_core.verb:set package 'swarm_pkg' build argument 'cmake_clean_first' from command line to 'False'
[6.587s] Level 5:colcon.colcon_core.verb:set package 'swarm_pkg' build argument 'cmake_force_configure' from command line to 'False'
[6.590s] Level 5:colcon.colcon_core.verb:set package 'swarm_pkg' build argument 'ament_cmake_args' from command line to 'None'
[6.592s] Level 5:colcon.colcon_core.verb:set package 'swarm_pkg' build argument 'catkin_cmake_args' from command line to 'None'
[6.594s] Level 5:colcon.colcon_core.verb:set package 'swarm_pkg' build argument 'catkin_skip_building_tests' from command line to 'False'
[6.596s] DEBUG:colcon.colcon_core.verb:Building package 'swarm_pkg' with the following arguments: {'ament_cmake_args': None, 'build_base': '/home/neha/swarm_ws/build/swarm_pkg', 'catkin_cmake_args': None, 'catkin_skip_building_tests': False, 'cmake_args': None, 'cmake_clean_cache': False, 'cmake_clean_first': False, 'cmake_force_configure': False, 'cmake_target': None, 'cmake_target_skip_unavailable': False, 'install_base': '/home/neha/swarm_ws/install/swarm_pkg', 'merge_install': False, 'path': '/home/neha/swarm_ws/src/swarm_pkg', 'symlink_install': False, 'test_result_base': None}
[6.599s] INFO:colcon.colcon_core.executor:Executing jobs using 'parallel' executor
[6.633s] DEBUG:colcon.colcon_parallel_executor.executor.parallel:run_until_complete
[6.634s] INFO:colcon.colcon_ros.task.ament_python.build:Building ROS package in '/home/neha/swarm_ws/src/swarm_pkg' with build type 'ament_python'
[6.634s] Level 1:colcon.colcon_core.shell:create_environment_hook('swarm_pkg', 'ament_prefix_path')
[6.684s] INFO:colcon.colcon_core.plugin_system:Skipping extension 'colcon_core.shell.bat': Not used on non-Windows systems
[6.685s] INFO:colcon.colcon_core.shell:Creating environment hook '/home/neha/swarm_ws/install/swarm_pkg/share/swarm_pkg/hook/ament_prefix_path.ps1'
[6.688s] INFO:colcon.colcon_core.shell:Creating environment descriptor '/home/neha/swarm_ws/install/swarm_pkg/share/swarm_pkg/hook/ament_prefix_path.dsv'
[6.691s] INFO:colcon.colcon_core.shell:Creating environment hook '/home/neha/swarm_ws/install/swarm_pkg/share/swarm_pkg/hook/ament_prefix_path.sh'
[6.695s] INFO:colcon.colcon_core.shell:Skip shell extension 'powershell' for command environment: Not usable outside of PowerShell
[6.697s] DEBUG:colcon.colcon_core.shell:Skip shell extension 'dsv' for command environment
[11.945s] INFO:colcon.colcon_core.task.python.build:Building Python package in '/home/neha/swarm_ws/src/swarm_pkg'
[11.962s] INFO:colcon.colcon_core.shell:Skip shell extension 'powershell' for command environment: Not usable outside of PowerShell
[11.964s] DEBUG:colcon.colcon_core.shell:Skip shell extension 'dsv' for command environment
[19.091s] DEBUG:colcon.colcon_core.event_handler.log_command:Invoking command in '/home/neha/swarm_ws/src/swarm_pkg': PYTHONPATH=/home/neha/swarm_ws/build/swarm_pkg/prefix_override:/usr/lib/python3/dist-packages/colcon_core/task/python/colcon_distutils_commands:/home/neha/swarm_ws/install/swarm_pkg/lib/python3.10/site-packages:${PYTHONPATH} /usr/bin/python3 -W ignore:setup.py install is deprecated -W ignore:easy_install command is deprecated setup.py egg_info --egg-base ../../build/swarm_pkg build --build-base /home/neha/swarm_ws/build/swarm_pkg/build install --record /home/neha/swarm_ws/build/swarm_pkg/install.log --single-version-externally-managed install_data
[25.258s] DEBUG:colcon.colcon_core.event_handler.log_command:Invoked command in '/home/neha/swarm_ws/src/swarm_pkg' returned '0': PYTHONPATH=/home/neha/swarm_ws/build/swarm_pkg/prefix_override:/usr/lib/python3/dist-packages/colcon_core/task/python/colcon_distutils_commands:/home/neha/swarm_ws/install/swarm_pkg/lib/python3.10/site-packages:${PYTHONPATH} /usr/bin/python3 -W ignore:setup.py install is deprecated -W ignore:easy_install command is deprecated setup.py egg_info --egg-base ../../build/swarm_pkg build --build-base /home/neha/swarm_ws/build/swarm_pkg/build install --record /home/neha/swarm_ws/build/swarm_pkg/install.log --single-version-externally-managed install_data
[25.316s] Level 1:colcon.colcon_core.environment:checking '/home/neha/swarm_ws/install/swarm_pkg' for CMake module files
[25.334s] Level 1:colcon.colcon_core.environment:checking '/home/neha/swarm_ws/install/swarm_pkg' for CMake config files
[25.341s] Level 1:colcon.colcon_core.environment:checking '/home/neha/swarm_ws/install/swarm_pkg/lib'
[25.362s] Level 1:colcon.colcon_core.environment:checking '/home/neha/swarm_ws/install/swarm_pkg/bin'
[25.387s] Level 1:colcon.colcon_core.environment:checking '/home/neha/swarm_ws/install/swarm_pkg/lib/pkgconfig/swarm_pkg.pc'
[25.410s] Level 1:colcon.colcon_core.environment:checking '/home/neha/swarm_ws/install/swarm_pkg/lib/python3.10/site-packages'
[25.412s] Level 1:colcon.colcon_core.shell:create_environment_hook('swarm_pkg', 'pythonpath')
[25.420s] INFO:colcon.colcon_core.shell:Creating environment hook '/home/neha/swarm_ws/install/swarm_pkg/share/swarm_pkg/hook/pythonpath.ps1'
[25.423s] INFO:colcon.colcon_core.shell:Creating environment descriptor '/home/neha/swarm_ws/install/swarm_pkg/share/swarm_pkg/hook/pythonpath.dsv'
[25.426s] INFO:colcon.colcon_core.shell:Creating environment hook '/home/neha/swarm_ws/install/swarm_pkg/share/swarm_pkg/hook/pythonpath.sh'
[25.484s] Level 1:colcon.colcon_core.environment:checking '/home/neha/swarm_ws/install/swarm_pkg/bin'
[25.485s] Level 1:colcon.colcon_core.environment:create_environment_scripts_only(swarm_pkg)
[25.488s] INFO:colcon.colcon_core.shell:Creating package script '/home/neha/swarm_ws/install/swarm_pkg/share/swarm_pkg/package.ps1'
[25.501s] INFO:colcon.colcon_core.shell:Creating package descriptor '/home/neha/swarm_ws/install/swarm_pkg/share/swarm_pkg/package.dsv'
[25.522s] INFO:colcon.colcon_core.shell:Creating package script '/home/neha/swarm_ws/install/swarm_pkg/share/swarm_pkg/package.sh'
[25.545s] INFO:colcon.colcon_core.shell:Creating package script '/home/neha/swarm_ws/install/swarm_pkg/share/swarm_pkg/package.bash'
[25.566s] INFO:colcon.colcon_core.shell:Creating package script '/home/neha/swarm_ws/install/swarm_pkg/share/swarm_pkg/package.zsh'
[25.574s] Level 1:colcon.colcon_core.environment:create_file_with_runtime_dependencies(/home/neha/swarm_ws/install/swarm_pkg/share/colcon-core/packages/swarm_pkg)
[25.576s] DEBUG:colcon.colcon_parallel_executor.executor.parallel:closing loop
[25.582s] DEBUG:colcon.colcon_parallel_executor.executor.parallel:loop closed
[25.582s] DEBUG:colcon.colcon_parallel_executor.executor.parallel:run_until_complete finished with '0'
[25.582s] DEBUG:colcon.colcon_core.event_reactor:joining thread
[25.709s] INFO:colcon.colcon_core.plugin_system:Skipping extension 'colcon_notification.desktop_notification.terminal_notifier': Not used on non-Darwin systems
[25.710s] INFO:colcon.colcon_core.plugin_system:Skipping extension 'colcon_notification.desktop_notification.win32': Not used on non-Windows systems
[25.710s] INFO:colcon.colcon_notification.desktop_notification:Sending desktop notification using 'notify2'
[26.092s] DEBUG:colcon.colcon_core.event_reactor:joined thread
[26.111s] INFO:colcon.colcon_core.shell:Creating prefix script '/home/neha/swarm_ws/install/local_setup.ps1'
[26.122s] INFO:colcon.colcon_core.shell:Creating prefix util module '/home/neha/swarm_ws/install/_local_setup_util_ps1.py'
[26.176s] INFO:colcon.colcon_core.shell:Creating prefix chain script '/home/neha/swarm_ws/install/setup.ps1'
[26.226s] INFO:colcon.colcon_core.shell:Creating prefix script '/home/neha/swarm_ws/install/local_setup.sh'
[26.238s] INFO:colcon.colcon_core.shell:Creating prefix util module '/home/neha/swarm_ws/install/_local_setup_util_sh.py'
[26.287s] INFO:colcon.colcon_core.shell:Creating prefix chain script '/home/neha/swarm_ws/install/setup.sh'
[26.309s] INFO:colcon.colcon_core.shell:Creating prefix script '/home/neha/swarm_ws/install/local_setup.bash'
[26.342s] INFO:colcon.colcon_core.shell:Creating prefix chain script '/home/neha/swarm_ws/install/setup.bash'
[26.364s] INFO:colcon.colcon_core.shell:Creating prefix script '/home/neha/swarm_ws/install/local_setup.zsh'
[26.370s] INFO:colcon.colcon_core.shell:Creating prefix chain script '/home/neha/swarm_ws/install/setup.zsh'
