[11.898s] Invoking command in '/home/neha/swarm_ws/src/swarm_pkg': PYTHONPATH=/home/neha/swarm_ws/build/swarm_pkg/prefix_override:/usr/lib/python3/dist-packages/colcon_core/task/python/colcon_distutils_commands:/home/neha/swarm_ws/install/swarm_pkg/lib/python3.10/site-packages:${PYTHONPATH} /usr/bin/python3 -W ignore:setup.py install is deprecated -W ignore:easy_install command is deprecated setup.py egg_info --egg-base ../../build/swarm_pkg build --build-base /home/neha/swarm_ws/build/swarm_pkg/build install --record /home/neha/swarm_ws/build/swarm_pkg/install.log --single-version-externally-managed install_data
[17.022s] running egg_info
[17.032s] writing ../../build/swarm_pkg/swarm_pkg.egg-info/PKG-INFO
[17.032s] writing dependency_links to ../../build/swarm_pkg/swarm_pkg.egg-info/dependency_links.txt
[17.035s] writing entry points to ../../build/swarm_pkg/swarm_pkg.egg-info/entry_points.txt
[17.036s] writing requirements to ../../build/swarm_pkg/swarm_pkg.egg-info/requires.txt
[17.036s] writing top-level names to ../../build/swarm_pkg/swarm_pkg.egg-info/top_level.txt
[17.067s] reading manifest file '../../build/swarm_pkg/swarm_pkg.egg-info/SOURCES.txt'
[17.137s] writing manifest file '../../build/swarm_pkg/swarm_pkg.egg-info/SOURCES.txt'
[17.142s] running build
[17.163s] running build_py
[17.201s] running install
[17.203s] running install_lib
[17.204s] running install_data
[17.205s] running install_egg_info
[17.207s] removing '/home/neha/swarm_ws/install/swarm_pkg/lib/python3.10/site-packages/swarm_pkg-0.0.0-py3.10.egg-info' (and everything under it)
[17.207s] Copying ../../build/swarm_pkg/swarm_pkg.egg-info to /home/neha/swarm_ws/install/swarm_pkg/lib/python3.10/site-packages/swarm_pkg-0.0.0-py3.10.egg-info
[17.216s] running install_scripts
[17.618s] Installing follower script to /home/neha/swarm_ws/install/swarm_pkg/lib/swarm_pkg
[17.631s] writing list of installed files to '/home/neha/swarm_ws/build/swarm_pkg/install.log'
[18.096s] Invoked command in '/home/neha/swarm_ws/src/swarm_pkg' returned '0': PYTHONPATH=/home/neha/swarm_ws/build/swarm_pkg/prefix_override:/usr/lib/python3/dist-packages/colcon_core/task/python/colcon_distutils_commands:/home/neha/swarm_ws/install/swarm_pkg/lib/python3.10/site-packages:${PYTHONPATH} /usr/bin/python3 -W ignore:setup.py install is deprecated -W ignore:easy_install command is deprecated setup.py egg_info --egg-base ../../build/swarm_pkg build --build-base /home/neha/swarm_ws/build/swarm_pkg/build install --record /home/neha/swarm_ws/build/swarm_pkg/install.log --single-version-externally-managed install_data
