[3.636s] Invoking command in '/home/neha/swarm_ws/src/swarm_pkg': PYTHONPATH=/home/neha/swarm_ws/build/swarm_pkg/prefix_override:/usr/lib/python3/dist-packages/colcon_core/task/python/colcon_distutils_commands:/home/neha/swarm_ws/install/swarm_pkg/lib/python3.10/site-packages:${PYTHONPATH} /usr/bin/python3 -W ignore:setup.py install is deprecated -W ignore:easy_install command is deprecated setup.py egg_info --egg-base ../../build/swarm_pkg build --build-base /home/neha/swarm_ws/build/swarm_pkg/build install --record /home/neha/swarm_ws/build/swarm_pkg/install.log --single-version-externally-managed install_data
[4.857s] running egg_info
[4.859s] writing ../../build/swarm_pkg/swarm_pkg.egg-info/PKG-INFO
[4.860s] writing dependency_links to ../../build/swarm_pkg/swarm_pkg.egg-info/dependency_links.txt
[4.861s] writing entry points to ../../build/swarm_pkg/swarm_pkg.egg-info/entry_points.txt
[4.861s] writing requirements to ../../build/swarm_pkg/swarm_pkg.egg-info/requires.txt
[4.862s] writing top-level names to ../../build/swarm_pkg/swarm_pkg.egg-info/top_level.txt
[4.869s] reading manifest file '../../build/swarm_pkg/swarm_pkg.egg-info/SOURCES.txt'
[4.872s] writing manifest file '../../build/swarm_pkg/swarm_pkg.egg-info/SOURCES.txt'
[4.872s] running build
[4.873s] running build_py
[4.873s] copying swarm_pkg/follower.py -> /home/neha/swarm_ws/build/swarm_pkg/build/lib/swarm_pkg
[4.873s] running install
[4.874s] running install_lib
[4.876s] copying /home/neha/swarm_ws/build/swarm_pkg/build/lib/swarm_pkg/follower.py -> /home/neha/swarm_ws/install/swarm_pkg/lib/python3.10/site-packages/swarm_pkg
[4.878s] byte-compiling /home/neha/swarm_ws/install/swarm_pkg/lib/python3.10/site-packages/swarm_pkg/follower.py to follower.cpython-310.pyc
[4.879s] running install_data
[4.879s] running install_egg_info
[4.885s] removing '/home/neha/swarm_ws/install/swarm_pkg/lib/python3.10/site-packages/swarm_pkg-0.0.0-py3.10.egg-info' (and everything under it)
[4.886s] Copying ../../build/swarm_pkg/swarm_pkg.egg-info to /home/neha/swarm_ws/install/swarm_pkg/lib/python3.10/site-packages/swarm_pkg-0.0.0-py3.10.egg-info
[4.887s] running install_scripts
[4.952s] Installing follower script to /home/neha/swarm_ws/install/swarm_pkg/lib/swarm_pkg
[4.952s] writing list of installed files to '/home/neha/swarm_ws/build/swarm_pkg/install.log'
[5.029s] Invoked command in '/home/neha/swarm_ws/src/swarm_pkg' returned '0': PYTHONPATH=/home/neha/swarm_ws/build/swarm_pkg/prefix_override:/usr/lib/python3/dist-packages/colcon_core/task/python/colcon_distutils_commands:/home/neha/swarm_ws/install/swarm_pkg/lib/python3.10/site-packages:${PYTHONPATH} /usr/bin/python3 -W ignore:setup.py install is deprecated -W ignore:easy_install command is deprecated setup.py egg_info --egg-base ../../build/swarm_pkg build --build-base /home/neha/swarm_ws/build/swarm_pkg/build install --record /home/neha/swarm_ws/build/swarm_pkg/install.log --single-version-externally-managed install_data
